TN:
SF:src/components/admin/AnalyticsManager.tsx
FN:49,fetchAnalytics
FN:57,AnalyticsManager
FN:62,queryFn
FN:69,queryFn
FN:76,queryFn
FN:83,queryFn
FN:90,queryFn
FN:95,formatPagePath
FN:100,formatTime
FN:192,tickFormatter
FN:194,labelFormatter
FN:240,formatter
FN:295,label
FNF:13
FNH:12
FNDA:85,fetchAnalytics
FNDA:32,AnalyticsManager
FNDA:17,queryFn
FNDA:17,queryFn
FNDA:17,queryFn
FNDA:17,queryFn
FNDA:17,queryFn
FNDA:18,formatPagePath
FNDA:10,formatTime
FNDA:12,tickFormatter
FNDA:12,labelFormatter
FNDA:4,formatter
FNDA:0,label
DA:1,1
DA:2,1
DA:3,1
DA:4,1
DA:5,1
DA:6,1
DA:7,1
DA:8,1
DA:10,1
DA:47,1
DA:49,1
DA:50,85
DA:51,85
DA:52,5
DA:53,5
DA:54,75
DA:55,75
DA:57,1
DA:58,32
DA:60,32
DA:61,32
DA:62,32
DA:63,32
DA:64,32
DA:65,32
DA:67,32
DA:68,32
DA:69,32
DA:70,32
DA:71,32
DA:72,32
DA:74,32
DA:75,32
DA:76,32
DA:77,32
DA:78,32
DA:79,32
DA:81,32
DA:82,32
DA:83,32
DA:84,32
DA:85,32
DA:86,32
DA:88,32
DA:89,32
DA:90,32
DA:91,32
DA:92,32
DA:93,32
DA:95,32
DA:96,18
DA:97,14
DA:98,14
DA:100,32
DA:101,10
DA:102,9
DA:103,9
DA:104,10
DA:105,10
DA:107,32
DA:108,17
DA:109,17
DA:110,17
DA:113,17
DA:115,15
DA:116,15
DA:117,15
DA:118,15
DA:119,15
DA:120,15
DA:122,15
DA:123,15
DA:124,15
DA:126,15
DA:127,15
DA:128,15
DA:129,15
DA:130,15
DA:135,15
DA:136,15
DA:137,15
DA:138,15
DA:139,15
DA:141,15
DA:142,32
DA:143,32
DA:146,32
DA:147,32
DA:148,32
DA:149,32
DA:151,32
DA:152,32
DA:153,32
DA:156,32
DA:157,32
DA:158,32
DA:159,32
DA:161,32
DA:162,32
DA:163,32
DA:164,32
DA:168,32
DA:169,32
DA:170,32
DA:171,32
DA:173,32
DA:174,32
DA:175,32
DA:176,32
DA:182,32
DA:183,32
DA:184,32
DA:185,32
DA:186,32
DA:188,32
DA:189,32
DA:190,32
DA:191,32
DA:192,32
DA:193,32
DA:194,32
DA:195,32
DA:202,32
DA:203,32
DA:204,32
DA:205,32
DA:206,32
DA:208,32
DA:209,32
DA:210,32
DA:212,32
DA:213,32
DA:214,32
DA:216,32
DA:217,32
DA:218,32
DA:220,32
DA:221,32
DA:222,32
DA:226,32
DA:227,32
DA:228,32
DA:229,32
DA:230,32
DA:232,32
DA:233,32
DA:234,4
DA:235,4
DA:236,4
DA:237,4
DA:238,4
DA:239,4
DA:240,4
DA:241,4
DA:244,4
DA:245,4
DA:246,4
DA:247,4
DA:248,4
DA:249,4
DA:250,4
DA:251,4
DA:254,4
DA:255,4
DA:256,4
DA:257,4
DA:258,4
DA:259,4
DA:260,4
DA:268,32
DA:274,32
DA:275,32
DA:276,32
DA:277,32
DA:278,32
DA:279,32
DA:283,32
DA:284,32
DA:285,4
DA:286,4
DA:287,4
DA:288,4
DA:289,4
DA:290,4
DA:291,4
DA:292,4
DA:293,4
DA:294,4
DA:295,4
DA:297,4
DA:298,4
DA:301,4
DA:304,4
DA:305,4
DA:306,4
DA:307,4
DA:308,4
DA:309,4
DA:311,4
DA:317,32
DA:321,32
DA:322,32
DA:323,32
DA:324,32
DA:328,32
DA:329,32
DA:330,4
DA:331,4
DA:332,4
DA:333,4
DA:334,4
DA:335,4
DA:337,4
DA:342,32
DA:349,32
DA:350,32
DA:351,32
DA:352,32
DA:353,32
DA:354,32
DA:358,32
DA:359,32
DA:360,4
DA:361,4
DA:362,4
DA:363,4
DA:364,4
DA:365,4
DA:366,4
DA:367,4
DA:368,4
DA:369,4
DA:370,4
DA:372,4
DA:373,4
DA:376,4
DA:377,4
DA:382,32
DA:386,32
DA:387,32
DA:388,32
DA:389,32
DA:393,32
DA:394,32
DA:395,4
DA:396,4
DA:397,4
DA:398,4
DA:399,4
DA:404,32
DA:408,32
DA:409,32
DA:410,32
DA:411,32
DA:415,32
DA:416,32
DA:417,4
DA:418,4
DA:419,4
DA:420,4
DA:421,4
DA:426,32
DA:433,32
DA:434,32
DA:435,32
DA:436,32
DA:437,32
DA:439,32
DA:440,32
DA:441,3
DA:442,3
DA:443,3
DA:444,3
DA:445,3
DA:446,3
DA:447,3
DA:448,3
DA:451,3
DA:452,3
DA:453,3
DA:454,3
DA:455,3
DA:461,32
DA:467,32
DA:468,32
DA:473,32
DA:475,1
LF:287
LH:287
BRDA:47,0,0,0
BRDA:49,1,0,85
BRDA:50,2,0,80
BRDA:51,3,0,5
BRDA:53,4,0,75
BRDA:57,5,0,32
BRDA:107,6,0,17
BRDA:113,7,0,15
BRDA:142,8,0,0
BRDA:143,9,0,15
BRDA:143,10,0,2
BRDA:152,11,0,15
BRDA:152,12,0,0
BRDA:153,13,0,15
BRDA:153,14,0,1
BRDA:162,15,0,15
BRDA:162,16,0,0
BRDA:164,17,0,15
BRDA:164,18,0,13
BRDA:164,19,0,2
BRDA:174,20,0,15
BRDA:174,21,0,0
BRDA:176,22,0,15
BRDA:176,23,0,13
BRDA:176,24,0,2
BRDA:182,25,0,15
BRDA:182,26,0,15
BRDA:233,27,0,15
BRDA:233,28,0,4
BRDA:284,29,0,15
BRDA:284,30,0,5
BRDA:284,31,0,4
BRDA:329,32,0,15
BRDA:329,33,0,5
BRDA:329,34,0,4
BRDA:359,35,0,15
BRDA:359,36,0,5
BRDA:359,37,0,4
BRDA:394,38,0,15
BRDA:394,39,0,5
BRDA:394,40,0,4
BRDA:416,41,0,15
BRDA:416,42,0,5
BRDA:416,43,0,4
BRDA:440,44,0,15
BRDA:440,45,0,3
BRDA:62,46,0,17
BRDA:69,47,0,17
BRDA:76,48,0,17
BRDA:83,49,0,17
BRDA:90,50,0,17
BRDA:95,51,0,18
BRDA:96,52,0,4
BRDA:96,53,0,14
BRDA:100,54,0,10
BRDA:101,55,0,1
BRDA:101,56,0,9
BRDA:104,57,0,0
BRDA:192,58,0,12
BRDA:194,59,0,12
BRDA:240,60,0,4
BRDA:260,61,0,1
BRDA:309,62,0,1
BRDA:334,63,0,1
BRDA:398,64,0,1
BRDA:420,65,0,1
BRF:66
BRH:60
end_of_record
TN:
SF:src/components/admin/BotAnalyticsManager.tsx
FN:56,fetchBotAnalytics
FN:64,BotAnalyticsManager
FN:69,queryFn
FN:76,queryFn
FN:84,queryFn
FN:92,queryFn
FN:100,queryFn
FN:108,queryFn
FN:114,formatDate
FN:119,formatDateTime
FN:124,formatPagePath
FN:245,label
FN:283,tickFormatter
FN:284,formatter
FN:284,labelFormatter
FNF:15
FNH:15
FNDA:50,fetchBotAnalytics
FNDA:23,BotAnalyticsManager
FNDA:10,queryFn
FNDA:8,queryFn
FNDA:8,queryFn
FNDA:8,queryFn
FNDA:8,queryFn
FNDA:8,queryFn
FNDA:20,formatDate
FNDA:8,formatDateTime
FNDA:17,formatPagePath
FNDA:3,label
FNDA:3,tickFormatter
FNDA:3,formatter
FNDA:3,labelFormatter
DA:1,1
DA:2,1
DA:3,1
DA:4,1
DA:5,1
DA:6,1
DA:8,1
DA:54,1
DA:56,1
DA:57,50
DA:58,50
DA:59,1
DA:60,1
DA:61,48
DA:62,48
DA:64,1
DA:65,23
DA:67,23
DA:68,23
DA:69,23
DA:70,23
DA:71,23
DA:72,23
DA:74,23
DA:75,23
DA:76,23
DA:77,23
DA:78,23
DA:79,23
DA:80,23
DA:82,23
DA:83,23
DA:84,23
DA:85,23
DA:86,23
DA:87,23
DA:88,23
DA:90,23
DA:91,23
DA:92,23
DA:93,23
DA:94,23
DA:95,23
DA:96,23
DA:98,23
DA:99,23
DA:100,23
DA:101,23
DA:102,23
DA:103,23
DA:104,23
DA:106,23
DA:107,23
DA:108,23
DA:109,23
DA:110,23
DA:111,23
DA:112,23
DA:114,23
DA:115,20
DA:116,20
DA:117,20
DA:119,23
DA:120,8
DA:121,8
DA:122,8
DA:124,23
DA:125,17
DA:126,13
DA:127,13
DA:129,23
DA:130,23
DA:131,23
DA:132,23
DA:133,23
DA:135,23
DA:136,10
DA:137,10
DA:138,10
DA:141,10
DA:143,23
DA:144,1
DA:145,1
DA:146,1
DA:147,1
DA:148,1
DA:149,1
DA:153,1
DA:155,12
DA:156,12
DA:157,12
DA:158,12
DA:159,12
DA:160,12
DA:162,12
DA:163,12
DA:164,12
DA:166,12
DA:167,12
DA:168,12
DA:169,12
DA:170,12
DA:175,12
DA:176,12
DA:177,12
DA:178,12
DA:179,12
DA:181,12
DA:182,23
DA:185,23
DA:186,23
DA:187,23
DA:188,23
DA:190,23
DA:191,23
DA:194,23
DA:195,23
DA:196,23
DA:197,23
DA:199,23
DA:200,23
DA:203,23
DA:204,23
DA:205,23
DA:206,23
DA:208,23
DA:209,23
DA:214,23
DA:215,23
DA:216,23
DA:217,23
DA:219,23
DA:220,23
DA:221,23
DA:222,23
DA:223,23
DA:224,23
DA:225,23
DA:226,23
DA:227,23
DA:235,23
DA:236,23
DA:237,23
DA:238,23
DA:239,23
DA:241,23
DA:242,23
DA:243,23
DA:244,23
DA:245,23
DA:246,23
DA:247,23
DA:250,23
DA:254,23
DA:255,23
DA:256,23
DA:257,23
DA:258,23
DA:259,23
DA:261,23
DA:262,23
DA:263,23
DA:272,23
DA:273,23
DA:274,23
DA:275,23
DA:277,23
DA:278,23
DA:279,23
DA:280,23
DA:281,23
DA:282,23
DA:283,23
DA:284,23
DA:285,23
DA:294,23
DA:295,23
DA:296,23
DA:297,23
DA:298,23
DA:300,23
DA:301,23
DA:302,23
DA:303,23
DA:304,23
DA:305,23
DA:306,23
DA:307,23
DA:308,23
DA:311,23
DA:312,23
DA:313,23
DA:314,23
DA:315,23
DA:316,23
DA:318,23
DA:319,23
DA:329,23
DA:330,23
DA:331,23
DA:332,23
DA:333,23
DA:337,23
DA:338,23
DA:339,23
DA:340,9
DA:341,9
DA:342,9
DA:343,9
DA:344,9
DA:345,9
DA:346,9
DA:347,9
DA:348,9
DA:350,9
DA:351,9
DA:356,9
DA:363,23
DA:364,23
DA:365,23
DA:366,23
DA:368,23
DA:369,23
DA:370,23
DA:371,23
DA:372,23
DA:373,23
DA:374,23
DA:375,23
DA:376,23
DA:377,23
DA:378,23
DA:381,23
DA:382,23
DA:383,23
DA:384,23
DA:385,23
DA:387,23
DA:388,23
DA:389,23
DA:390,23
DA:391,23
DA:401,23
DA:402,23
DA:403,23
DA:404,23
DA:405,23
DA:406,23
DA:415,23
DA:417,1
LF:250
LH:250
BRDA:54,0,0,0
BRDA:56,1,0,50
BRDA:57,2,0,49
BRDA:58,3,0,1
BRDA:60,4,0,48
BRDA:64,5,0,23
BRDA:135,6,0,10
BRDA:141,7,0,13
BRDA:143,8,0,1
BRDA:149,9,0,0
BRDA:153,10,0,12
BRDA:182,11,0,0
BRDA:191,12,0,12
BRDA:191,13,0,1
BRDA:200,14,0,12
BRDA:200,15,0,1
BRDA:209,16,0,12
BRDA:209,17,0,1
BRDA:214,18,0,12
BRDA:214,19,0,12
BRDA:236,20,0,4
BRDA:272,21,0,4
BRDA:295,22,0,4
BRDA:329,23,0,4
BRDA:363,24,0,4
BRDA:401,25,0,12
BRDA:401,26,0,11
BRDA:69,27,0,10
BRDA:76,28,0,8
BRDA:84,29,0,8
BRDA:92,30,0,8
BRDA:100,31,0,8
BRDA:108,32,0,8
BRDA:114,33,0,20
BRDA:119,34,0,8
BRDA:124,35,0,17
BRDA:125,36,0,4
BRDA:125,37,0,13
BRDA:245,38,0,3
BRDA:283,39,0,3
BRDA:283,40,0,0
BRDA:284,41,0,3
BRDA:284,42,0,3
BRDA:284,43,0,0
BRDA:339,44,0,9
BRDA:340,45,0,0
BRDA:389,46,0,0
BRF:47
BRH:40
end_of_record
TN:
SF:src/contexts/AuthContext.tsx
FN:38,isTokenExpired
FN:50,AuthProvider
FN:63,setUserRole_
FN:189,handleActivity
FN:210,checkAuth
FN:270,signIn
FN:303,loginInProgress.current
FN:315,signUp
FN:344,signOut
FN:348,handleUnauthorized
FN:379,useAuth
FNF:11
FNH:11
FNDA:15,isTokenExpired
FNDA:68,AuthProvider
FNDA:16,setUserRole_
FNDA:4,handleActivity
FNDA:27,checkAuth
FNDA:8,signIn
FNDA:3,loginInProgress.current
FNDA:4,signUp
FNDA:1,signOut
FNDA:1,handleUnauthorized
FNDA:73,useAuth
DA:1,1
DA:31,1
DA:33,1
DA:34,1
DA:35,1
DA:36,1
DA:38,15
DA:39,15
DA:40,15
DA:41,15
DA:42,15
DA:43,15
DA:44,15
DA:45,15
DA:46,0
DA:47,0
DA:48,15
DA:50,1
DA:51,68
DA:52,68
DA:53,68
DA:54,68
DA:55,68
DA:56,68
DA:57,68
DA:58,68
DA:59,68
DA:60,68
DA:61,68
DA:63,68
DA:64,16
DA:65,14
DA:66,16
DA:67,1
DA:68,1
DA:69,1
DA:70,1
DA:71,16
DA:73,68
DA:74,34
DA:75,16
DA:76,16
DA:77,16
DA:78,34
DA:79,1
DA:80,1
DA:81,1
DA:82,34
DA:83,16
DA:84,16
DA:85,16
DA:86,68
DA:88,68
DA:89,8
DA:90,8
DA:91,8
DA:92,8
DA:93,8
DA:94,8
DA:95,8
DA:96,68
DA:98,68
DA:99,3
DA:100,3
DA:101,68
DA:103,68
DA:104,3
DA:105,3
DA:107,3
DA:108,0
DA:109,0
DA:111,3
DA:112,3
DA:113,32
DA:114,32
DA:115,32
DA:116,1
DA:117,1
DA:118,1
DA:119,1
DA:120,1
DA:121,1
DA:122,3
DA:123,68
DA:125,68
DA:126,23
DA:128,23
DA:130,23
DA:131,3
DA:132,3
DA:134,19
DA:136,19
DA:137,3
DA:138,19
DA:139,68
DA:141,68
DA:142,58
DA:143,58
DA:145,58
DA:146,58
DA:147,58
DA:149,58
DA:150,1
DA:151,1
DA:152,1
DA:154,58
DA:155,1
DA:156,1
DA:157,1
DA:158,68
DA:160,68
DA:161,21
DA:163,21
DA:164,5
DA:165,5
DA:166,21
DA:167,58
DA:168,21
DA:169,68
DA:171,68
DA:172,3
DA:173,1
DA:174,68
DA:176,68
DA:177,1
DA:178,1
DA:179,1
DA:180,1
DA:181,1
DA:182,1
DA:183,1
DA:184,1
DA:185,68
DA:187,68
DA:188,52
DA:189,21
DA:190,4
DA:191,3
DA:192,3
DA:193,4
DA:195,21
DA:196,21
DA:197,126
DA:198,126
DA:200,21
DA:202,21
DA:203,21
DA:204,126
DA:205,126
DA:206,21
DA:207,21
DA:208,68
DA:210,68
DA:211,27
DA:212,0
DA:213,0
DA:214,0
DA:216,27
DA:217,27
DA:218,12
DA:219,12
DA:220,12
DA:222,27
DA:223,1
DA:224,1
DA:225,1
DA:226,1
DA:228,27
DA:229,27
DA:230,1
DA:231,1
DA:232,1
DA:233,1
DA:235,13
DA:236,13
DA:237,13
DA:238,13
DA:240,27
DA:241,0
DA:242,0
DA:243,0
DA:245,27
DA:246,11
DA:247,11
DA:248,11
DA:249,11
DA:250,27
DA:251,1
DA:252,1
DA:253,27
DA:254,1
DA:255,1
DA:256,1
DA:257,1
DA:258,27
DA:259,13
DA:260,13
DA:261,27
DA:263,68
DA:264,26
DA:265,26
DA:266,26
DA:267,26
DA:268,68
DA:270,68
DA:271,8
DA:272,8
DA:273,8
DA:274,11
DA:275,11
DA:276,11
DA:277,11
DA:278,11
DA:279,11
DA:281,11
DA:282,2
DA:283,2
DA:284,2
DA:285,2
DA:286,2
DA:288,5
DA:289,5
DA:290,5
DA:291,5
DA:292,5
DA:294,5
DA:295,5
DA:296,5
DA:298,5
DA:299,5
DA:300,5
DA:301,11
DA:302,4
DA:303,3
DA:304,3
DA:305,3
DA:306,1
DA:307,1
DA:308,1
DA:309,1
DA:310,11
DA:311,3
DA:312,3
DA:313,3
DA:315,68
DA:316,4
DA:317,4
DA:318,4
DA:319,4
DA:320,4
DA:321,4
DA:323,4
DA:324,2
DA:325,2
DA:326,2
DA:328,1
DA:329,1
DA:330,1
DA:331,1
DA:332,1
DA:334,1
DA:335,1
DA:336,1
DA:338,1
DA:339,1
DA:340,1
DA:341,1
DA:342,4
DA:344,68
DA:345,1
DA:346,1
DA:348,68
DA:349,1
DA:350,1
DA:351,1
DA:352,1
DA:354,68
DA:355,68
DA:357,68
DA:358,68
DA:359,68
DA:360,68
DA:361,68
DA:362,68
DA:363,68
DA:364,68
DA:365,68
DA:366,68
DA:367,68
DA:368,68
DA:369,68
DA:370,68
DA:371,68
DA:372,68
DA:373,68
DA:374,68
DA:377,68
DA:379,1
DA:380,73
DA:381,73
DA:382,4
DA:383,4
DA:384,68
DA:385,68
LF:304
LH:294
BRDA:38,0,0,15
BRDA:41,1,0,0
BRDA:43,2,0,0
BRDA:45,3,0,0
BRDA:50,4,0,68
BRDA:63,5,0,16
BRDA:64,6,0,14
BRDA:66,7,0,2
BRDA:66,8,0,1
BRDA:73,9,0,34
BRDA:74,10,0,16
BRDA:78,11,0,1
BRDA:82,12,0,16
BRDA:88,13,0,8
BRDA:98,14,0,3
BRDA:103,15,0,3
BRDA:107,16,0,0
BRDA:112,17,0,32
BRDA:115,18,0,1
BRDA:125,19,0,23
BRDA:126,20,0,0
BRDA:128,21,0,4
BRDA:128,22,0,19
BRDA:130,23,0,3
BRDA:132,24,0,19
BRDA:136,25,0,3
BRDA:141,26,0,58
BRDA:143,27,0,0
BRDA:145,28,0,0
BRDA:146,29,0,0
BRDA:149,30,0,1
BRDA:152,31,0,57
BRDA:154,32,0,1
BRDA:160,33,0,21
BRDA:163,34,0,5
BRDA:166,35,0,58
BRDA:171,36,0,3
BRDA:172,37,0,2
BRDA:172,38,0,1
BRDA:176,39,0,1
BRDA:187,40,0,52
BRDA:188,41,0,21
BRDA:188,42,0,21
BRDA:189,43,0,4
BRDA:190,44,0,3
BRDA:196,45,0,126
BRDA:202,46,0,21
BRDA:203,47,0,126
BRDA:210,48,0,27
BRDA:211,49,0,0
BRDA:217,50,0,12
BRDA:220,51,0,15
BRDA:222,52,0,1
BRDA:226,53,0,14
BRDA:228,54,0,0
BRDA:229,55,0,14
BRDA:229,56,0,1
BRDA:233,57,0,13
BRDA:238,58,0,12
BRDA:240,59,0,0
BRDA:243,60,0,12
BRDA:245,61,0,11
BRDA:250,62,0,1
BRDA:253,63,0,1
BRDA:258,64,0,12
BRDA:258,65,0,13
BRDA:255,66,0,1
BRDA:263,67,0,26
BRDA:265,68,0,26
BRDA:270,69,0,8
BRDA:273,70,0,11
BRDA:279,71,0,7
BRDA:281,72,0,2
BRDA:285,73,0,0
BRDA:286,74,0,5
BRDA:301,75,0,4
BRDA:302,76,0,3
BRDA:305,77,0,1
BRDA:310,78,0,3
BRDA:282,79,0,1
BRDA:303,80,0,3
BRDA:315,81,0,4
BRDA:321,82,0,3
BRDA:323,83,0,2
BRDA:325,84,0,0
BRDA:326,85,0,1
BRDA:324,86,0,1
BRDA:344,87,0,1
BRDA:348,88,0,1
BRDA:349,89,0,0
BRDA:350,90,0,0
BRDA:379,91,0,73
BRDA:381,92,0,4
BRDA:383,93,0,68
BRF:94
BRH:79
end_of_record
TN:
SF:src/lib/api.ts
FN:7,UnauthorizedError
FN:30,setToken
FN:39,getToken
FN:44,clearSession
FN:51,getHeaders
FN:64,handleResponse
FN:79,get
FN:88,post
FN:98,put
FN:108,delete
FN:22,ApiClient
FNF:11
FNH:11
FNDA:3,UnauthorizedError
FNDA:9,setToken
FNDA:40,getToken
FNDA:9,clearSession
FNDA:10,getHeaders
FNDA:10,handleResponse
FNDA:6,get
FNDA:2,post
FNDA:1,put
FNDA:1,delete
FNDA:50,ApiClient
DA:1,1
DA:2,1
DA:3,1
DA:4,0
DA:6,1
DA:7,1
DA:8,3
DA:9,3
DA:10,3
DA:11,1
DA:18,1
DA:19,1
DA:20,1
DA:22,1
DA:23,50
DA:24,50
DA:25,1
DA:26,1
DA:27,50
DA:28,50
DA:30,1
DA:31,9
DA:32,9
DA:33,8
DA:34,9
DA:35,1
DA:36,1
DA:37,9
DA:39,1
DA:40,40
DA:41,40
DA:42,40
DA:44,1
DA:45,9
DA:46,9
DA:47,9
DA:48,9
DA:49,9
DA:51,1
DA:52,10
DA:53,10
DA:54,10
DA:56,10
DA:57,10
DA:58,1
DA:59,1
DA:61,10
DA:62,10
DA:64,1
DA:65,10
DA:66,1
DA:67,1
DA:69,10
DA:70,3
DA:71,3
DA:72,3
DA:73,3
DA:74,3
DA:76,6
DA:77,6
DA:79,1
DA:80,6
DA:81,6
DA:82,6
DA:83,6
DA:85,6
DA:86,6
DA:88,1
DA:89,2
DA:90,2
DA:91,2
DA:92,2
DA:93,2
DA:95,2
DA:96,2
DA:98,1
DA:99,1
DA:100,1
DA:101,1
DA:102,1
DA:103,1
DA:105,1
DA:106,1
DA:108,1
DA:109,1
DA:110,1
DA:111,1
DA:112,1
DA:114,1
DA:115,1
DA:116,1
DA:118,1
DA:119,1
LF:93
LH:92
BRDA:3,0,0,0
BRDA:7,1,0,3
BRDA:30,2,0,9
BRDA:32,3,0,8
BRDA:34,4,0,1
BRDA:39,5,0,40
BRDA:44,6,0,9
BRDA:51,7,0,10
BRDA:57,8,0,1
BRDA:64,9,0,10
BRDA:65,10,0,1
BRDA:67,11,0,9
BRDA:69,12,0,3
BRDA:73,13,0,1
BRDA:73,14,0,0
BRDA:74,15,0,6
BRDA:72,16,0,1
BRDA:79,17,0,6
BRDA:88,18,0,2
BRDA:92,19,0,1
BRDA:92,20,0,1
BRDA:98,21,0,1
BRDA:102,22,0,0
BRDA:108,23,0,1
BRDA:22,24,0,50
BRDA:24,25,0,1
BRF:26
BRH:23
end_of_record
TN:
SF:src/lib/utils.ts
FN:4,cn
FNF:1
FNH:1
FNDA:3774,cn
DA:1,1
DA:4,1
DA:5,3774
DA:6,3774
LF:4
LH:4
BRDA:4,0,0,3774
BRF:1
BRH:1
end_of_record
TN:
SF:src/pages/admin/AdminLogin.tsx
FN:12,AdminLogin
FN:30,handleSubmit
FN:82,onChange
FN:96,onChange
FNF:4
FNH:4
FNDA:113,AdminLogin
FNDA:4,handleSubmit
FNDA:65,onChange
FNDA:34,onChange
DA:1,1
DA:2,1
DA:3,1
DA:4,1
DA:5,1
DA:6,1
DA:7,1
DA:8,1
DA:9,1
DA:10,1
DA:12,1
DA:13,113
DA:14,113
DA:15,113
DA:16,113
DA:17,113
DA:18,113
DA:20,113
DA:21,9
DA:22,2
DA:23,1
DA:24,1
DA:25,1
DA:26,1
DA:27,2
DA:28,113
DA:30,113
DA:31,4
DA:32,4
DA:33,4
DA:35,4
DA:36,4
DA:37,1
DA:38,1
DA:39,4
DA:40,3
DA:41,3
DA:42,3
DA:43,4
DA:45,113
DA:46,1
DA:47,1
DA:48,1
DA:49,1
DA:53,1
DA:55,112
DA:56,112
DA:57,112
DA:58,112
DA:59,112
DA:60,112
DA:63,112
DA:67,112
DA:68,112
DA:69,112
DA:70,113
DA:71,113
DA:75,113
DA:76,113
DA:77,113
DA:78,113
DA:79,113
DA:80,113
DA:81,113
DA:82,113
DA:83,113
DA:84,113
DA:85,113
DA:89,113
DA:90,113
DA:91,113
DA:92,113
DA:93,113
DA:94,113
DA:95,113
DA:96,113
DA:97,113
DA:98,113
DA:99,113
DA:103,113
DA:104,113
DA:105,4
DA:106,4
DA:110,4
DA:114,113
DA:123,113
DA:125,1
LF:87
LH:87
BRDA:12,0,0,113
BRDA:45,1,0,1
BRDA:53,2,0,112
BRDA:104,3,0,4
BRDA:110,4,0,108
BRDA:20,5,0,9
BRDA:21,6,0,8
BRDA:21,7,0,2
BRDA:22,8,0,1
BRDA:30,9,0,4
BRDA:36,10,0,1
BRDA:39,11,0,3
BRDA:82,12,0,65
BRDA:96,13,0,34
BRF:14
BRH:14
end_of_record
